<?xml version="1.0" encoding="UTF-8"?>
<testng-results skipped="0" failed="1" total="106" passed="105">
  <reporter-output>
  </reporter-output>
  <suite name="Default suite" duration-ms="368876" started-at="2018-08-23T09:30:47Z" finished-at="2018-08-23T09:36:56Z">
    <groups>
    </groups>
    <test name="Default test" duration-ms="368876" started-at="2018-08-23T09:30:47Z" finished-at="2018-08-23T09:36:56Z">
      <class name="scripts.AddProduct">
        <test-method status="PASS" signature="setUp()[pri:0, instance:scripts.AddProduct@3c756e4d]" name="setUp" is-config="true" duration-ms="4004" started-at="2018-08-23T15:00:47Z" finished-at="2018-08-23T15:00:51Z">
          <reporter-output>
          </reporter-output>
        </test-method> <!-- setUp -->
        <test-method status="FAIL" signature="AddToCartTest(java.lang.String, java.lang.String, java.lang.String, java.lang.String, java.lang.String, java.lang.String, java.lang.String, java.lang.String, java.lang.String, java.lang.String, java.lang.String, java.lang.String, java.lang.String)[pri:0, instance:scripts.AddProduct@3c756e4d]" name="AddToCartTest" duration-ms="3729" started-at="2018-08-23T15:00:52Z" data-provider="AnyID" finished-at="2018-08-23T15:00:55Z">
          <params>
            <param index="0">
              <value>
                <![CDATA[Spun Yarn]]>
              </value>
            </param>
            <param index="1">
              <value>
                <![CDATA[Cotton]]>
              </value>
            </param>
            <param index="2">
              <value>
                <![CDATA[Weaving]]>
              </value>
            </param>
            <param index="3">
              <value>
                <![CDATA[MIll]]>
              </value>
            </param>
            <param index="4">
              <value>
                <![CDATA[60]]>
              </value>
            </param>
            <param index="5">
              <value>
                <![CDATA[Yes]]>
              </value>
            </param>
            <param index="6">
              <value>
                <![CDATA[Yes]]>
              </value>
            </param>
            <param index="7">
              <value>
                <![CDATA[No]]>
              </value>
            </param>
            <param index="8">
              <value>
                <![CDATA[-]]>
              </value>
            </param>
            <param index="9">
              <value>
                <![CDATA[-]]>
              </value>
            </param>
            <param index="10">
              <value>
                <![CDATA[-]]>
              </value>
            </param>
            <param index="11">
              <value>
                <![CDATA[-]]>
              </value>
            </param>
            <param index="12">
              <value>
                <![CDATA[Yes]]>
              </value>
            </param>
          </params>
          <exception class="org.openqa.selenium.WebDriverException">
            <message>
              <![CDATA[unknown error: Element <a href="#">...</a> is not clickable at point (160, 147). Other element would receive the click: <div class="bg_overlay" id="login_display" style="display: block;">...</div>
  (Session info: chrome=67.0.3396.99)
  (Driver info: chromedriver=2.41.578737 (49da6702b16031c40d63e5618de03a32ff6c197e),platform=Windows NT 10.0.16299 x86_64) (WARNING: The server did not provide any stacktrace information)
Command duration or timeout: 53 milliseconds
Build info: version: '2.53.1', revision: 'a36b8b1', time: '2016-06-30 17:37:03'
System info: host: 'Infva06562', ip: '192.168.100.54', os.name: 'Windows 10', os.arch: 'amd64', os.version: '10.0', java.version: '1.8.0_161'
Driver info: org.openqa.selenium.chrome.ChromeDriver
Capabilities [{mobileEmulationEnabled=false, hasTouchScreen=false, platform=XP, acceptSslCerts=false, goog:chromeOptions={debuggerAddress=localhost:61123}, acceptInsecureCerts=false, webStorageEnabled=true, browserName=chrome, takesScreenshot=true, javascriptEnabled=true, setWindowRect=true, unexpectedAlertBehaviour=, applicationCacheEnabled=false, rotatable=false, networkConnectionEnabled=false, chrome={chromedriverVersion=2.41.578737 (49da6702b16031c40d63e5618de03a32ff6c197e), userDataDir=C:\Users\vshadmin\AppData\Local\Temp\scoped_dir19184_27826}, takesHeapSnapshot=true, pageLoadStrategy=normal, databaseEnabled=false, handlesAlerts=true, version=67.0.3396.99, browserConnectionEnabled=false, nativeEvents=true, locationContextEnabled=true, cssSelectorsEnabled=true}]
Session ID: 3dde8cb84ccd2df1f5db3d45bb9361d5]]>
            </message>
            <full-stacktrace>
              <![CDATA[org.openqa.selenium.WebDriverException: unknown error: Element <a href="#">...</a> is not clickable at point (160, 147). Other element would receive the click: <div class="bg_overlay" id="login_display" style="display: block;">...</div>
  (Session info: chrome=67.0.3396.99)
  (Driver info: chromedriver=2.41.578737 (49da6702b16031c40d63e5618de03a32ff6c197e),platform=Windows NT 10.0.16299 x86_64) (WARNING: The server did not provide any stacktrace information)
Command duration or timeout: 53 milliseconds
Build info: version: '2.53.1', revision: 'a36b8b1', time: '2016-06-30 17:37:03'
System info: host: 'Infva06562', ip: '192.168.100.54', os.name: 'Windows 10', os.arch: 'amd64', os.version: '10.0', java.version: '1.8.0_161'
Driver info: org.openqa.selenium.chrome.ChromeDriver
Capabilities [{mobileEmulationEnabled=false, hasTouchScreen=false, platform=XP, acceptSslCerts=false, goog:chromeOptions={debuggerAddress=localhost:61123}, acceptInsecureCerts=false, webStorageEnabled=true, browserName=chrome, takesScreenshot=true, javascriptEnabled=true, setWindowRect=true, unexpectedAlertBehaviour=, applicationCacheEnabled=false, rotatable=false, networkConnectionEnabled=false, chrome={chromedriverVersion=2.41.578737 (49da6702b16031c40d63e5618de03a32ff6c197e), userDataDir=C:\Users\vshadmin\AppData\Local\Temp\scoped_dir19184_27826}, takesHeapSnapshot=true, pageLoadStrategy=normal, databaseEnabled=false, handlesAlerts=true, version=67.0.3396.99, browserConnectionEnabled=false, nativeEvents=true, locationContextEnabled=true, cssSelectorsEnabled=true}]
Session ID: 3dde8cb84ccd2df1f5db3d45bb9361d5
	at sun.reflect.NativeConstructorAccessorImpl.newInstance0(Native Method)
	at sun.reflect.NativeConstructorAccessorImpl.newInstance(Unknown Source)
	at sun.reflect.DelegatingConstructorAccessorImpl.newInstance(Unknown Source)
	at java.lang.reflect.Constructor.newInstance(Unknown Source)
	at org.openqa.selenium.remote.ErrorHandler.createThrowable(ErrorHandler.java:206)
	at org.openqa.selenium.remote.ErrorHandler.throwIfResponseFailed(ErrorHandler.java:158)
	at org.openqa.selenium.remote.RemoteWebDriver.execute(RemoteWebDriver.java:678)
	at org.openqa.selenium.remote.RemoteWebElement.execute(RemoteWebElement.java:327)
	at org.openqa.selenium.remote.RemoteWebElement.click(RemoteWebElement.java:85)
	at scripts.AddProduct.AddToCartTest(AddProduct.java:91)
	at sun.reflect.NativeMethodAccessorImpl.invoke0(Native Method)
	at sun.reflect.NativeMethodAccessorImpl.invoke(Unknown Source)
	at sun.reflect.DelegatingMethodAccessorImpl.invoke(Unknown Source)
	at java.lang.reflect.Method.invoke(Unknown Source)
	at org.testng.internal.MethodInvocationHelper.invokeMethod(MethodInvocationHelper.java:85)
	at org.testng.internal.Invoker.invokeMethod(Invoker.java:639)
	at org.testng.internal.Invoker.invokeTestMethod(Invoker.java:816)
	at org.testng.internal.Invoker.invokeTestMethods(Invoker.java:1124)
	at org.testng.internal.TestMethodWorker.invokeTestMethods(TestMethodWorker.java:125)
	at org.testng.internal.TestMethodWorker.run(TestMethodWorker.java:108)
	at org.testng.TestRunner.privateRun(TestRunner.java:774)
	at org.testng.TestRunner.run(TestRunner.java:624)
	at org.testng.SuiteRunner.runTest(SuiteRunner.java:359)
	at org.testng.SuiteRunner.runSequentially(SuiteRunner.java:354)
	at org.testng.SuiteRunner.privateRun(SuiteRunner.java:312)
	at org.testng.SuiteRunner.run(SuiteRunner.java:261)
	at org.testng.SuiteRunnerWorker.runSuite(SuiteRunnerWorker.java:52)
	at org.testng.SuiteRunnerWorker.run(SuiteRunnerWorker.java:86)
	at org.testng.TestNG.runSuitesSequentially(TestNG.java:1215)
	at org.testng.TestNG.runSuitesLocally(TestNG.java:1140)
	at org.testng.TestNG.run(TestNG.java:1048)
	at org.testng.remote.AbstractRemoteTestNG.run(AbstractRemoteTestNG.java:114)
	at org.testng.remote.RemoteTestNG.initAndRun(RemoteTestNG.java:251)
	at org.testng.remote.RemoteTestNG.main(RemoteTestNG.java:77)
]]>
            </full-stacktrace>
          </exception> <!-- org.openqa.selenium.WebDriverException -->
          <reporter-output>
          </reporter-output>
        </test-method> <!-- AddToCartTest -->
        <test-method status="PASS" signature="AddToCartTest(java.lang.String, java.lang.String, java.lang.String, java.lang.String, java.lang.String, java.lang.String, java.lang.String, java.lang.String, java.lang.String, java.lang.String, java.lang.String, java.lang.String, java.lang.String)[pri:0, instance:scripts.AddProduct@3c756e4d]" name="AddToCartTest" duration-ms="2566" started-at="2018-08-23T15:00:55Z" data-provider="AnyID" finished-at="2018-08-23T15:00:58Z">
          <params>
            <param index="0">
              <value>
                <![CDATA[Fibre]]>
              </value>
            </param>
            <param index="1">
              <value>
                <![CDATA[Cotton]]>
              </value>
            </param>
            <param index="2">
              <value>
                <![CDATA[Weaving]]>
              </value>
            </param>
            <param index="3">
              <value>
                <![CDATA[Depot]]>
              </value>
            </param>
            <param index="4">
              <value>
                <![CDATA[90]]>
              </value>
            </param>
            <param index="5">
              <value>
                <![CDATA[Yes]]>
              </value>
            </param>
            <param index="6">
              <value>
                <![CDATA[Yes]]>
              </value>
            </param>
            <param index="7">
              <value>
                <![CDATA[No]]>
              </value>
            </param>
            <param index="8">
              <value>
                <![CDATA[-]]>
              </value>
            </param>
            <param index="9">
              <value>
                <![CDATA[-]]>
              </value>
            </param>
            <param index="10">
              <value>
                <![CDATA[-]]>
              </value>
            </param>
            <param index="11">
              <value>
                <![CDATA[-]]>
              </value>
            </param>
            <param index="12">
              <value>
                <![CDATA[Yes]]>
              </value>
            </param>
          </params>
          <reporter-output>
          </reporter-output>
        </test-method> <!-- AddToCartTest -->
        <test-method status="PASS" signature="AddToCartTest(java.lang.String, java.lang.String, java.lang.String, java.lang.String, java.lang.String, java.lang.String, java.lang.String, java.lang.String, java.lang.String, java.lang.String, java.lang.String, java.lang.String, java.lang.String)[pri:0, instance:scripts.AddProduct@3c756e4d]" name="AddToCartTest" duration-ms="2191" started-at="2018-08-23T15:00:58Z" data-provider="AnyID" finished-at="2018-08-23T15:01:00Z">
          <params>
            <param index="0">
              <value>
                <![CDATA[Filament]]>
              </value>
            </param>
            <param index="1">
              <value>
                <![CDATA[POY Yarn]]>
              </value>
            </param>
            <param index="2">
              <value>
                <![CDATA[Weaving]]>
              </value>
            </param>
            <param index="3">
              <value>
                <![CDATA[Depot]]>
              </value>
            </param>
            <param index="4">
              <value>
                <![CDATA[50]]>
              </value>
            </param>
            <param index="5">
              <value>
                <![CDATA[No]]>
              </value>
            </param>
            <param index="6">
              <value>
                <![CDATA[No]]>
              </value>
            </param>
            <param index="7">
              <value>
                <![CDATA[No]]>
              </value>
            </param>
            <param index="8">
              <value>
                <![CDATA[-]]>
              </value>
            </param>
            <param index="9">
              <value>
                <![CDATA[-]]>
              </value>
            </param>
            <param index="10">
              <value>
                <![CDATA[-]]>
              </value>
            </param>
            <param index="11">
              <value>
                <![CDATA[-]]>
              </value>
            </param>
            <param index="12">
              <value>
                <![CDATA[No]]>
              </value>
            </param>
          </params>
          <reporter-output>
          </reporter-output>
        </test-method> <!-- AddToCartTest -->
        <test-method status="PASS" signature="AddToCartTest(java.lang.String, java.lang.String, java.lang.String, java.lang.String, java.lang.String, java.lang.String, java.lang.String, java.lang.String, java.lang.String, java.lang.String, java.lang.String, java.lang.String, java.lang.String)[pri:0, instance:scripts.AddProduct@3c756e4d]" name="AddToCartTest" duration-ms="2156" started-at="2018-08-23T15:01:00Z" data-provider="AnyID" finished-at="2018-08-23T15:01:02Z">
          <params>
            <param index="0">
              <value>
                <![CDATA[Spun Yarn]]>
              </value>
            </param>
            <param index="1">
              <value>
                <![CDATA[Polyester]]>
              </value>
            </param>
            <param index="2">
              <value>
                <![CDATA[Weaving]]>
              </value>
            </param>
            <param index="3">
              <value>
                <![CDATA[MIll]]>
              </value>
            </param>
            <param index="4">
              <value>
                <![CDATA[100]]>
              </value>
            </param>
            <param index="5">
              <value>
                <![CDATA[Yes]]>
              </value>
            </param>
            <param index="6">
              <value>
                <![CDATA[Yes]]>
              </value>
            </param>
            <param index="7">
              <value>
                <![CDATA[No]]>
              </value>
            </param>
            <param index="8">
              <value>
                <![CDATA[-]]>
              </value>
            </param>
            <param index="9">
              <value>
                <![CDATA[-]]>
              </value>
            </param>
            <param index="10">
              <value>
                <![CDATA[-]]>
              </value>
            </param>
            <param index="11">
              <value>
                <![CDATA[-]]>
              </value>
            </param>
            <param index="12">
              <value>
                <![CDATA[Yes]]>
              </value>
            </param>
          </params>
          <reporter-output>
          </reporter-output>
        </test-method> <!-- AddToCartTest -->
        <test-method status="PASS" signature="AddToCartTest(java.lang.String, java.lang.String, java.lang.String, java.lang.String, java.lang.String, java.lang.String, java.lang.String, java.lang.String, java.lang.String, java.lang.String, java.lang.String, java.lang.String, java.lang.String)[pri:0, instance:scripts.AddProduct@3c756e4d]" name="AddToCartTest" duration-ms="2542" started-at="2018-08-23T15:01:02Z" data-provider="AnyID" finished-at="2018-08-23T15:01:05Z">
          <params>
            <param index="0">
              <value>
                <![CDATA[Fibre]]>
              </value>
            </param>
            <param index="1">
              <value>
                <![CDATA[Polyester]]>
              </value>
            </param>
            <param index="2">
              <value>
                <![CDATA[Weaving]]>
              </value>
            </param>
            <param index="3">
              <value>
                <![CDATA[Depot]]>
              </value>
            </param>
            <param index="4">
              <value>
                <![CDATA[80]]>
              </value>
            </param>
            <param index="5">
              <value>
                <![CDATA[No]]>
              </value>
            </param>
            <param index="6">
              <value>
                <![CDATA[No]]>
              </value>
            </param>
            <param index="7">
              <value>
                <![CDATA[No]]>
              </value>
            </param>
            <param index="8">
              <value>
                <![CDATA[-]]>
              </value>
            </param>
            <param index="9">
              <value>
                <![CDATA[-]]>
              </value>
            </param>
            <param index="10">
              <value>
                <![CDATA[-]]>
              </value>
            </param>
            <param index="11">
              <value>
                <![CDATA[-]]>
              </value>
            </param>
            <param index="12">
              <value>
                <![CDATA[No]]>
              </value>
            </param>
          </params>
          <reporter-output>
          </reporter-output>
        </test-method> <!-- AddToCartTest -->
        <test-method status="PASS" signature="AddToCartTest(java.lang.String, java.lang.String, java.lang.String, java.lang.String, java.lang.String, java.lang.String, java.lang.String, java.lang.String, java.lang.String, java.lang.String, java.lang.String, java.lang.String, java.lang.String)[pri:0, instance:scripts.AddProduct@3c756e4d]" name="AddToCartTest" duration-ms="2145" started-at="2018-08-23T15:01:05Z" data-provider="AnyID" finished-at="2018-08-23T15:01:07Z">
          <params>
            <param index="0">
              <value>
                <![CDATA[Spun Yarn]]>
              </value>
            </param>
            <param index="1">
              <value>
                <![CDATA[Viscose]]>
              </value>
            </param>
            <param index="2">
              <value>
                <![CDATA[Weaving]]>
              </value>
            </param>
            <param index="3">
              <value>
                <![CDATA[Depot]]>
              </value>
            </param>
            <param index="4">
              <value>
                <![CDATA[65]]>
              </value>
            </param>
            <param index="5">
              <value>
                <![CDATA[Yes]]>
              </value>
            </param>
            <param index="6">
              <value>
                <![CDATA[Yes]]>
              </value>
            </param>
            <param index="7">
              <value>
                <![CDATA[No]]>
              </value>
            </param>
            <param index="8">
              <value>
                <![CDATA[-]]>
              </value>
            </param>
            <param index="9">
              <value>
                <![CDATA[-]]>
              </value>
            </param>
            <param index="10">
              <value>
                <![CDATA[-]]>
              </value>
            </param>
            <param index="11">
              <value>
                <![CDATA[-]]>
              </value>
            </param>
            <param index="12">
              <value>
                <![CDATA[Yes]]>
              </value>
            </param>
          </params>
          <reporter-output>
          </reporter-output>
        </test-method> <!-- AddToCartTest -->
        <test-method status="PASS" signature="AddToCartTest(java.lang.String, java.lang.String, java.lang.String, java.lang.String, java.lang.String, java.lang.String, java.lang.String, java.lang.String, java.lang.String, java.lang.String, java.lang.String, java.lang.String, java.lang.String)[pri:0, instance:scripts.AddProduct@3c756e4d]" name="AddToCartTest" duration-ms="2204" started-at="2018-08-23T15:01:07Z" data-provider="AnyID" finished-at="2018-08-23T15:01:09Z">
          <params>
            <param index="0">
              <value>
                <![CDATA[Fibre]]>
              </value>
            </param>
            <param index="1">
              <value>
                <![CDATA[Viscose]]>
              </value>
            </param>
            <param index="2">
              <value>
                <![CDATA[Weaving]]>
              </value>
            </param>
            <param index="3">
              <value>
                <![CDATA[MIll]]>
              </value>
            </param>
            <param index="4">
              <value>
                <![CDATA[10]]>
              </value>
            </param>
            <param index="5">
              <value>
                <![CDATA[No]]>
              </value>
            </param>
            <param index="6">
              <value>
                <![CDATA[No]]>
              </value>
            </param>
            <param index="7">
              <value>
                <![CDATA[No]]>
              </value>
            </param>
            <param index="8">
              <value>
                <![CDATA[-]]>
              </value>
            </param>
            <param index="9">
              <value>
                <![CDATA[-]]>
              </value>
            </param>
            <param index="10">
              <value>
                <![CDATA[-]]>
              </value>
            </param>
            <param index="11">
              <value>
                <![CDATA[-]]>
              </value>
            </param>
            <param index="12">
              <value>
                <![CDATA[No]]>
              </value>
            </param>
          </params>
          <reporter-output>
          </reporter-output>
        </test-method> <!-- AddToCartTest -->
        <test-method status="PASS" signature="AddToCartTest(java.lang.String, java.lang.String, java.lang.String, java.lang.String, java.lang.String, java.lang.String, java.lang.String, java.lang.String, java.lang.String, java.lang.String, java.lang.String, java.lang.String, java.lang.String)[pri:0, instance:scripts.AddProduct@3c756e4d]" name="AddToCartTest" duration-ms="2020" started-at="2018-08-23T15:01:09Z" data-provider="AnyID" finished-at="2018-08-23T15:01:11Z">
          <params>
            <param index="0">
              <value>
                <![CDATA[Spun Yarn]]>
              </value>
            </param>
            <param index="1">
              <value>
                <![CDATA[Synthetic Blended]]>
              </value>
            </param>
            <param index="2">
              <value>
                <![CDATA[Weaving]]>
              </value>
            </param>
            <param index="3">
              <value>
                <![CDATA[Depot]]>
              </value>
            </param>
            <param index="4">
              <value>
                <![CDATA[2]]>
              </value>
            </param>
            <param index="5">
              <value>
                <![CDATA[Yes]]>
              </value>
            </param>
            <param index="6">
              <value>
                <![CDATA[Yes]]>
              </value>
            </param>
            <param index="7">
              <value>
                <![CDATA[No]]>
              </value>
            </param>
            <param index="8">
              <value>
                <![CDATA[-]]>
              </value>
            </param>
            <param index="9">
              <value>
                <![CDATA[-]]>
              </value>
            </param>
            <param index="10">
              <value>
                <![CDATA[-]]>
              </value>
            </param>
            <param index="11">
              <value>
                <![CDATA[-]]>
              </value>
            </param>
            <param index="12">
              <value>
                <![CDATA[Yes]]>
              </value>
            </param>
          </params>
          <reporter-output>
          </reporter-output>
        </test-method> <!-- AddToCartTest -->
        <test-method status="PASS" signature="AddToCartTest(java.lang.String, java.lang.String, java.lang.String, java.lang.String, java.lang.String, java.lang.String, java.lang.String, java.lang.String, java.lang.String, java.lang.String, java.lang.String, java.lang.String, java.lang.String)[pri:0, instance:scripts.AddProduct@3c756e4d]" name="AddToCartTest" duration-ms="1977" started-at="2018-08-23T15:01:11Z" data-provider="AnyID" finished-at="2018-08-23T15:01:13Z">
          <params>
            <param index="0">
              <value>
                <![CDATA[Fibre]]>
              </value>
            </param>
            <param index="1">
              <value>
                <![CDATA[Synthetic Blended]]>
              </value>
            </param>
            <param index="2">
              <value>
                <![CDATA[Weaving]]>
              </value>
            </param>
            <param index="3">
              <value>
                <![CDATA[Depot]]>
              </value>
            </param>
            <param index="4">
              <value>
                <![CDATA[20]]>
              </value>
            </param>
            <param index="5">
              <value>
                <![CDATA[No]]>
              </value>
            </param>
            <param index="6">
              <value>
                <![CDATA[No]]>
              </value>
            </param>
            <param index="7">
              <value>
                <![CDATA[No]]>
              </value>
            </param>
            <param index="8">
              <value>
                <![CDATA[-]]>
              </value>
            </param>
            <param index="9">
              <value>
                <![CDATA[-]]>
              </value>
            </param>
            <param index="10">
              <value>
                <![CDATA[-]]>
              </value>
            </param>
            <param index="11">
              <value>
                <![CDATA[-]]>
              </value>
            </param>
            <param index="12">
              <value>
                <![CDATA[No]]>
              </value>
            </param>
          </params>
          <reporter-output>
          </reporter-output>
        </test-method> <!-- AddToCartTest -->
        <test-method status="PASS" signature="AddToCartTest(java.lang.String, java.lang.String, java.lang.String, java.lang.String, java.lang.String, java.lang.String, java.lang.String, java.lang.String, java.lang.String, java.lang.String, java.lang.String, java.lang.String, java.lang.String)[pri:0, instance:scripts.AddProduct@3c756e4d]" name="AddToCartTest" duration-ms="2013" started-at="2018-08-23T15:01:13Z" data-provider="AnyID" finished-at="2018-08-23T15:01:15Z">
          <params>
            <param index="0">
              <value>
                <![CDATA[Spun Yarn]]>
              </value>
            </param>
            <param index="1">
              <value>
                <![CDATA[Acrylic]]>
              </value>
            </param>
            <param index="2">
              <value>
                <![CDATA[Weaving]]>
              </value>
            </param>
            <param index="3">
              <value>
                <![CDATA[Depot]]>
              </value>
            </param>
            <param index="4">
              <value>
                <![CDATA[6]]>
              </value>
            </param>
            <param index="5">
              <value>
                <![CDATA[Yes]]>
              </value>
            </param>
            <param index="6">
              <value>
                <![CDATA[Yes]]>
              </value>
            </param>
            <param index="7">
              <value>
                <![CDATA[No]]>
              </value>
            </param>
            <param index="8">
              <value>
                <![CDATA[-]]>
              </value>
            </param>
            <param index="9">
              <value>
                <![CDATA[-]]>
              </value>
            </param>
            <param index="10">
              <value>
                <![CDATA[-]]>
              </value>
            </param>
            <param index="11">
              <value>
                <![CDATA[-]]>
              </value>
            </param>
            <param index="12">
              <value>
                <![CDATA[Yes]]>
              </value>
            </param>
          </params>
          <reporter-output>
          </reporter-output>
        </test-method> <!-- AddToCartTest -->
        <test-method status="PASS" signature="AddToCartTest(java.lang.String, java.lang.String, java.lang.String, java.lang.String, java.lang.String, java.lang.String, java.lang.String, java.lang.String, java.lang.String, java.lang.String, java.lang.String, java.lang.String, java.lang.String)[pri:0, instance:scripts.AddProduct@3c756e4d]" name="AddToCartTest" duration-ms="2233" started-at="2018-08-23T15:01:15Z" data-provider="AnyID" finished-at="2018-08-23T15:01:17Z">
          <params>
            <param index="0">
              <value>
                <![CDATA[Fibre]]>
              </value>
            </param>
            <param index="1">
              <value>
                <![CDATA[Acrylic]]>
              </value>
            </param>
            <param index="2">
              <value>
                <![CDATA[Weaving]]>
              </value>
            </param>
            <param index="3">
              <value>
                <![CDATA[MIll]]>
              </value>
            </param>
            <param index="4">
              <value>
                <![CDATA[60]]>
              </value>
            </param>
            <param index="5">
              <value>
                <![CDATA[No]]>
              </value>
            </param>
            <param index="6">
              <value>
                <![CDATA[No]]>
              </value>
            </param>
            <param index="7">
              <value>
                <![CDATA[No]]>
              </value>
            </param>
            <param index="8">
              <value>
                <![CDATA[-]]>
              </value>
            </param>
            <param index="9">
              <value>
                <![CDATA[-]]>
              </value>
            </param>
            <param index="10">
              <value>
                <![CDATA[-]]>
              </value>
            </param>
            <param index="11">
              <value>
                <![CDATA[-]]>
              </value>
            </param>
            <param index="12">
              <value>
                <![CDATA[No]]>
              </value>
            </param>
          </params>
          <reporter-output>
          </reporter-output>
        </test-method> <!-- AddToCartTest -->
        <test-method status="PASS" signature="AddToCartTest(java.lang.String, java.lang.String, java.lang.String, java.lang.String, java.lang.String, java.lang.String, java.lang.String, java.lang.String, java.lang.String, java.lang.String, java.lang.String, java.lang.String, java.lang.String)[pri:0, instance:scripts.AddProduct@3c756e4d]" name="AddToCartTest" duration-ms="1985" started-at="2018-08-23T15:01:17Z" data-provider="AnyID" finished-at="2018-08-23T15:01:19Z">
          <params>
            <param index="0">
              <value>
                <![CDATA[Spun Yarn]]>
              </value>
            </param>
            <param index="1">
              <value>
                <![CDATA[Speciality Yarn]]>
              </value>
            </param>
            <param index="2">
              <value>
                <![CDATA[Weaving]]>
              </value>
            </param>
            <param index="3">
              <value>
                <![CDATA[Depot]]>
              </value>
            </param>
            <param index="4">
              <value>
                <![CDATA[55]]>
              </value>
            </param>
            <param index="5">
              <value>
                <![CDATA[Yes]]>
              </value>
            </param>
            <param index="6">
              <value>
                <![CDATA[Yes]]>
              </value>
            </param>
            <param index="7">
              <value>
                <![CDATA[No]]>
              </value>
            </param>
            <param index="8">
              <value>
                <![CDATA[-]]>
              </value>
            </param>
            <param index="9">
              <value>
                <![CDATA[-]]>
              </value>
            </param>
            <param index="10">
              <value>
                <![CDATA[-]]>
              </value>
            </param>
            <param index="11">
              <value>
                <![CDATA[-]]>
              </value>
            </param>
            <param index="12">
              <value>
                <![CDATA[Yes]]>
              </value>
            </param>
          </params>
          <reporter-output>
          </reporter-output>
        </test-method> <!-- AddToCartTest -->
        <test-method status="PASS" signature="AddToCartTest(java.lang.String, java.lang.String, java.lang.String, java.lang.String, java.lang.String, java.lang.String, java.lang.String, java.lang.String, java.lang.String, java.lang.String, java.lang.String, java.lang.String, java.lang.String)[pri:0, instance:scripts.AddProduct@3c756e4d]" name="AddToCartTest" duration-ms="4869" started-at="2018-08-23T15:01:19Z" data-provider="AnyID" finished-at="2018-08-23T15:01:24Z">
          <params>
            <param index="0">
              <value>
                <![CDATA[Fibre]]>
              </value>
            </param>
            <param index="1">
              <value>
                <![CDATA[Speciality Yarn]]>
              </value>
            </param>
            <param index="2">
              <value>
                <![CDATA[Weaving]]>
              </value>
            </param>
            <param index="3">
              <value>
                <![CDATA[MIll]]>
              </value>
            </param>
            <param index="4">
              <value>
                <![CDATA[40]]>
              </value>
            </param>
            <param index="5">
              <value>
                <![CDATA[No]]>
              </value>
            </param>
            <param index="6">
              <value>
                <![CDATA[No]]>
              </value>
            </param>
            <param index="7">
              <value>
                <![CDATA[Yes]]>
              </value>
            </param>
            <param index="8">
              <value>
                <![CDATA[Tejal Ughade]]>
              </value>
            </param>
            <param index="9">
              <value>
                <![CDATA[9158258034]]>
              </value>
            </param>
            <param index="10">
              <value>
                <![CDATA[tejal.ughade@gmail.com]]>
              </value>
            </param>
            <param index="11">
              <value>
                <![CDATA[abcd]]>
              </value>
            </param>
            <param index="12">
              <value>
                <![CDATA[No]]>
              </value>
            </param>
          </params>
          <reporter-output>
          </reporter-output>
        </test-method> <!-- AddToCartTest -->
        <test-method status="PASS" signature="AddToCartTest(java.lang.String, java.lang.String, java.lang.String, java.lang.String, java.lang.String, java.lang.String, java.lang.String, java.lang.String, java.lang.String, java.lang.String, java.lang.String, java.lang.String, java.lang.String)[pri:0, instance:scripts.AddProduct@3c756e4d]" name="AddToCartTest" duration-ms="4417" started-at="2018-08-23T15:01:24Z" data-provider="AnyID" finished-at="2018-08-23T15:01:29Z">
          <params>
            <param index="0">
              <value>
                <![CDATA[Spun Yarn]]>
              </value>
            </param>
            <param index="1">
              <value>
                <![CDATA[Linen & Blends]]>
              </value>
            </param>
            <param index="2">
              <value>
                <![CDATA[Weaving]]>
              </value>
            </param>
            <param index="3">
              <value>
                <![CDATA[Depot]]>
              </value>
            </param>
            <param index="4">
              <value>
                <![CDATA[10]]>
              </value>
            </param>
            <param index="5">
              <value>
                <![CDATA[Yes]]>
              </value>
            </param>
            <param index="6">
              <value>
                <![CDATA[Yes]]>
              </value>
            </param>
            <param index="7">
              <value>
                <![CDATA[No]]>
              </value>
            </param>
            <param index="8">
              <value>
                <![CDATA[-]]>
              </value>
            </param>
            <param index="9">
              <value>
                <![CDATA[-]]>
              </value>
            </param>
            <param index="10">
              <value>
                <![CDATA[-]]>
              </value>
            </param>
            <param index="11">
              <value>
                <![CDATA[-]]>
              </value>
            </param>
            <param index="12">
              <value>
                <![CDATA[Yes]]>
              </value>
            </param>
          </params>
          <reporter-output>
          </reporter-output>
        </test-method> <!-- AddToCartTest -->
        <test-method status="PASS" signature="AddToCartTest(java.lang.String, java.lang.String, java.lang.String, java.lang.String, java.lang.String, java.lang.String, java.lang.String, java.lang.String, java.lang.String, java.lang.String, java.lang.String, java.lang.String, java.lang.String)[pri:0, instance:scripts.AddProduct@3c756e4d]" name="AddToCartTest" duration-ms="4425" started-at="2018-08-23T15:01:29Z" data-provider="AnyID" finished-at="2018-08-23T15:01:33Z">
          <params>
            <param index="0">
              <value>
                <![CDATA[Fibre]]>
              </value>
            </param>
            <param index="1">
              <value>
                <![CDATA[Linen & Blends]]>
              </value>
            </param>
            <param index="2">
              <value>
                <![CDATA[Weaving]]>
              </value>
            </param>
            <param index="3">
              <value>
                <![CDATA[Depot]]>
              </value>
            </param>
            <param index="4">
              <value>
                <![CDATA[7]]>
              </value>
            </param>
            <param index="5">
              <value>
                <![CDATA[No]]>
              </value>
            </param>
            <param index="6">
              <value>
                <![CDATA[No]]>
              </value>
            </param>
            <param index="7">
              <value>
                <![CDATA[No]]>
              </value>
            </param>
            <param index="8">
              <value>
                <![CDATA[-]]>
              </value>
            </param>
            <param index="9">
              <value>
                <![CDATA[-]]>
              </value>
            </param>
            <param index="10">
              <value>
                <![CDATA[-]]>
              </value>
            </param>
            <param index="11">
              <value>
                <![CDATA[-]]>
              </value>
            </param>
            <param index="12">
              <value>
                <![CDATA[No]]>
              </value>
            </param>
          </params>
          <reporter-output>
          </reporter-output>
        </test-method> <!-- AddToCartTest -->
        <test-method status="PASS" signature="AddToCartTest(java.lang.String, java.lang.String, java.lang.String, java.lang.String, java.lang.String, java.lang.String, java.lang.String, java.lang.String, java.lang.String, java.lang.String, java.lang.String, java.lang.String, java.lang.String)[pri:0, instance:scripts.AddProduct@3c756e4d]" name="AddToCartTest" duration-ms="1990" started-at="2018-08-23T15:01:33Z" data-provider="AnyID" finished-at="2018-08-23T15:01:35Z">
          <params>
            <param index="0">
              <value>
                <![CDATA[Filament]]>
              </value>
            </param>
            <param index="1">
              <value>
                <![CDATA[Flat Yarn]]>
              </value>
            </param>
            <param index="2">
              <value>
                <![CDATA[Weaving]]>
              </value>
            </param>
            <param index="3">
              <value>
                <![CDATA[MIll]]>
              </value>
            </param>
            <param index="4">
              <value>
                <![CDATA[9]]>
              </value>
            </param>
            <param index="5">
              <value>
                <![CDATA[Yes]]>
              </value>
            </param>
            <param index="6">
              <value>
                <![CDATA[Yes]]>
              </value>
            </param>
            <param index="7">
              <value>
                <![CDATA[No]]>
              </value>
            </param>
            <param index="8">
              <value>
                <![CDATA[-]]>
              </value>
            </param>
            <param index="9">
              <value>
                <![CDATA[-]]>
              </value>
            </param>
            <param index="10">
              <value>
                <![CDATA[-]]>
              </value>
            </param>
            <param index="11">
              <value>
                <![CDATA[-]]>
              </value>
            </param>
            <param index="12">
              <value>
                <![CDATA[Yes]]>
              </value>
            </param>
          </params>
          <reporter-output>
          </reporter-output>
        </test-method> <!-- AddToCartTest -->
        <test-method status="PASS" signature="AddToCartTest(java.lang.String, java.lang.String, java.lang.String, java.lang.String, java.lang.String, java.lang.String, java.lang.String, java.lang.String, java.lang.String, java.lang.String, java.lang.String, java.lang.String, java.lang.String)[pri:0, instance:scripts.AddProduct@3c756e4d]" name="AddToCartTest" duration-ms="2293" started-at="2018-08-23T15:01:35Z" data-provider="AnyID" finished-at="2018-08-23T15:01:37Z">
          <params>
            <param index="0">
              <value>
                <![CDATA[Filament]]>
              </value>
            </param>
            <param index="1">
              <value>
                <![CDATA[Texture Yarn]]>
              </value>
            </param>
            <param index="2">
              <value>
                <![CDATA[Weaving]]>
              </value>
            </param>
            <param index="3">
              <value>
                <![CDATA[MIll]]>
              </value>
            </param>
            <param index="4">
              <value>
                <![CDATA[60]]>
              </value>
            </param>
            <param index="5">
              <value>
                <![CDATA[No]]>
              </value>
            </param>
            <param index="6">
              <value>
                <![CDATA[No]]>
              </value>
            </param>
            <param index="7">
              <value>
                <![CDATA[No]]>
              </value>
            </param>
            <param index="8">
              <value>
                <![CDATA[-]]>
              </value>
            </param>
            <param index="9">
              <value>
                <![CDATA[-]]>
              </value>
            </param>
            <param index="10">
              <value>
                <![CDATA[-]]>
              </value>
            </param>
            <param index="11">
              <value>
                <![CDATA[-]]>
              </value>
            </param>
            <param index="12">
              <value>
                <![CDATA[No]]>
              </value>
            </param>
          </params>
          <reporter-output>
          </reporter-output>
        </test-method> <!-- AddToCartTest -->
        <test-method status="PASS" signature="AddToCartTest(java.lang.String, java.lang.String, java.lang.String, java.lang.String, java.lang.String, java.lang.String, java.lang.String, java.lang.String, java.lang.String, java.lang.String, java.lang.String, java.lang.String, java.lang.String)[pri:0, instance:scripts.AddProduct@3c756e4d]" name="AddToCartTest" duration-ms="4363" started-at="2018-08-23T15:01:37Z" data-provider="AnyID" finished-at="2018-08-23T15:01:42Z">
          <params>
            <param index="0">
              <value>
                <![CDATA[Filament]]>
              </value>
            </param>
            <param index="1">
              <value>
                <![CDATA[Air Texture Yarn]]>
              </value>
            </param>
            <param index="2">
              <value>
                <![CDATA[Weaving]]>
              </value>
            </param>
            <param index="3">
              <value>
                <![CDATA[Depot]]>
              </value>
            </param>
            <param index="4">
              <value>
                <![CDATA[90]]>
              </value>
            </param>
            <param index="5">
              <value>
                <![CDATA[No]]>
              </value>
            </param>
            <param index="6">
              <value>
                <![CDATA[No]]>
              </value>
            </param>
            <param index="7">
              <value>
                <![CDATA[No]]>
              </value>
            </param>
            <param index="8">
              <value>
                <![CDATA[-]]>
              </value>
            </param>
            <param index="9">
              <value>
                <![CDATA[-]]>
              </value>
            </param>
            <param index="10">
              <value>
                <![CDATA[-]]>
              </value>
            </param>
            <param index="11">
              <value>
                <![CDATA[-]]>
              </value>
            </param>
            <param index="12">
              <value>
                <![CDATA[No]]>
              </value>
            </param>
          </params>
          <reporter-output>
          </reporter-output>
        </test-method> <!-- AddToCartTest -->
        <test-method status="PASS" signature="AddToCartTest(java.lang.String, java.lang.String, java.lang.String, java.lang.String, java.lang.String, java.lang.String, java.lang.String, java.lang.String, java.lang.String, java.lang.String, java.lang.String, java.lang.String, java.lang.String)[pri:0, instance:scripts.AddProduct@3c756e4d]" name="AddToCartTest" duration-ms="4420" started-at="2018-08-23T15:01:42Z" data-provider="AnyID" finished-at="2018-08-23T15:01:46Z">
          <params>
            <param index="0">
              <value>
                <![CDATA[Filament]]>
              </value>
            </param>
            <param index="1">
              <value>
                <![CDATA[Mono Filament]]>
              </value>
            </param>
            <param index="2">
              <value>
                <![CDATA[Weaving]]>
              </value>
            </param>
            <param index="3">
              <value>
                <![CDATA[MIll]]>
              </value>
            </param>
            <param index="4">
              <value>
                <![CDATA[50]]>
              </value>
            </param>
            <param index="5">
              <value>
                <![CDATA[Yes]]>
              </value>
            </param>
            <param index="6">
              <value>
                <![CDATA[Yes]]>
              </value>
            </param>
            <param index="7">
              <value>
                <![CDATA[No]]>
              </value>
            </param>
            <param index="8">
              <value>
                <![CDATA[-]]>
              </value>
            </param>
            <param index="9">
              <value>
                <![CDATA[-]]>
              </value>
            </param>
            <param index="10">
              <value>
                <![CDATA[-]]>
              </value>
            </param>
            <param index="11">
              <value>
                <![CDATA[-]]>
              </value>
            </param>
            <param index="12">
              <value>
                <![CDATA[Yes]]>
              </value>
            </param>
          </params>
          <reporter-output>
          </reporter-output>
        </test-method> <!-- AddToCartTest -->
        <test-method status="PASS" signature="AddToCartTest(java.lang.String, java.lang.String, java.lang.String, java.lang.String, java.lang.String, java.lang.String, java.lang.String, java.lang.String, java.lang.String, java.lang.String, java.lang.String, java.lang.String, java.lang.String)[pri:0, instance:scripts.AddProduct@3c756e4d]" name="AddToCartTest" duration-ms="2234" started-at="2018-08-23T15:01:46Z" data-provider="AnyID" finished-at="2018-08-23T15:01:48Z">
          <params>
            <param index="0">
              <value>
                <![CDATA[Filament]]>
              </value>
            </param>
            <param index="1">
              <value>
                <![CDATA[DTY]]>
              </value>
            </param>
            <param index="2">
              <value>
                <![CDATA[Weaving]]>
              </value>
            </param>
            <param index="3">
              <value>
                <![CDATA[Depot]]>
              </value>
            </param>
            <param index="4">
              <value>
                <![CDATA[100]]>
              </value>
            </param>
            <param index="5">
              <value>
                <![CDATA[No]]>
              </value>
            </param>
            <param index="6">
              <value>
                <![CDATA[No]]>
              </value>
            </param>
            <param index="7">
              <value>
                <![CDATA[No]]>
              </value>
            </param>
            <param index="8">
              <value>
                <![CDATA[-]]>
              </value>
            </param>
            <param index="9">
              <value>
                <![CDATA[-]]>
              </value>
            </param>
            <param index="10">
              <value>
                <![CDATA[-]]>
              </value>
            </param>
            <param index="11">
              <value>
                <![CDATA[-]]>
              </value>
            </param>
            <param index="12">
              <value>
                <![CDATA[No]]>
              </value>
            </param>
          </params>
          <reporter-output>
          </reporter-output>
        </test-method> <!-- AddToCartTest -->
        <test-method status="PASS" signature="AddToCartTest(java.lang.String, java.lang.String, java.lang.String, java.lang.String, java.lang.String, java.lang.String, java.lang.String, java.lang.String, java.lang.String, java.lang.String, java.lang.String, java.lang.String, java.lang.String)[pri:0, instance:scripts.AddProduct@3c756e4d]" name="AddToCartTest" duration-ms="1981" started-at="2018-08-23T15:01:48Z" data-provider="AnyID" finished-at="2018-08-23T15:01:50Z">
          <params>
            <param index="0">
              <value>
                <![CDATA[Filament]]>
              </value>
            </param>
            <param index="1">
              <value>
                <![CDATA[FDY]]>
              </value>
            </param>
            <param index="2">
              <value>
                <![CDATA[Weaving]]>
              </value>
            </param>
            <param index="3">
              <value>
                <![CDATA[MIll]]>
              </value>
            </param>
            <param index="4">
              <value>
                <![CDATA[80]]>
              </value>
            </param>
            <param index="5">
              <value>
                <![CDATA[Yes]]>
              </value>
            </param>
            <param index="6">
              <value>
                <![CDATA[Yes]]>
              </value>
            </param>
            <param index="7">
              <value>
                <![CDATA[No]]>
              </value>
            </param>
            <param index="8">
              <value>
                <![CDATA[-]]>
              </value>
            </param>
            <param index="9">
              <value>
                <![CDATA[-]]>
              </value>
            </param>
            <param index="10">
              <value>
                <![CDATA[-]]>
              </value>
            </param>
            <param index="11">
              <value>
                <![CDATA[-]]>
              </value>
            </param>
            <param index="12">
              <value>
                <![CDATA[Yes]]>
              </value>
            </param>
          </params>
          <reporter-output>
          </reporter-output>
        </test-method> <!-- AddToCartTest -->
        <test-method status="PASS" signature="AddToCartTest(java.lang.String, java.lang.String, java.lang.String, java.lang.String, java.lang.String, java.lang.String, java.lang.String, java.lang.String, java.lang.String, java.lang.String, java.lang.String, java.lang.String, java.lang.String)[pri:0, instance:scripts.AddProduct@3c756e4d]" name="AddToCartTest" duration-ms="2044" started-at="2018-08-23T15:01:50Z" data-provider="AnyID" finished-at="2018-08-23T15:01:52Z">
          <params>
            <param index="0">
              <value>
                <![CDATA[Spun Yarn]]>
              </value>
            </param>
            <param index="1">
              <value>
                <![CDATA[Cotton]]>
              </value>
            </param>
            <param index="2">
              <value>
                <![CDATA[Knitting]]>
              </value>
            </param>
            <param index="3">
              <value>
                <![CDATA[Depot]]>
              </value>
            </param>
            <param index="4">
              <value>
                <![CDATA[65]]>
              </value>
            </param>
            <param index="5">
              <value>
                <![CDATA[Yes]]>
              </value>
            </param>
            <param index="6">
              <value>
                <![CDATA[Yes]]>
              </value>
            </param>
            <param index="7">
              <value>
                <![CDATA[No]]>
              </value>
            </param>
            <param index="8">
              <value>
                <![CDATA[-]]>
              </value>
            </param>
            <param index="9">
              <value>
                <![CDATA[-]]>
              </value>
            </param>
            <param index="10">
              <value>
                <![CDATA[-]]>
              </value>
            </param>
            <param index="11">
              <value>
                <![CDATA[-]]>
              </value>
            </param>
            <param index="12">
              <value>
                <![CDATA[Yes]]>
              </value>
            </param>
          </params>
          <reporter-output>
          </reporter-output>
        </test-method> <!-- AddToCartTest -->
        <test-method status="PASS" signature="AddToCartTest(java.lang.String, java.lang.String, java.lang.String, java.lang.String, java.lang.String, java.lang.String, java.lang.String, java.lang.String, java.lang.String, java.lang.String, java.lang.String, java.lang.String, java.lang.String)[pri:0, instance:scripts.AddProduct@3c756e4d]" name="AddToCartTest" duration-ms="2245" started-at="2018-08-23T15:01:52Z" data-provider="AnyID" finished-at="2018-08-23T15:01:55Z">
          <params>
            <param index="0">
              <value>
                <![CDATA[Fibre]]>
              </value>
            </param>
            <param index="1">
              <value>
                <![CDATA[Cotton]]>
              </value>
            </param>
            <param index="2">
              <value>
                <![CDATA[Knitting]]>
              </value>
            </param>
            <param index="3">
              <value>
                <![CDATA[Depot]]>
              </value>
            </param>
            <param index="4">
              <value>
                <![CDATA[10]]>
              </value>
            </param>
            <param index="5">
              <value>
                <![CDATA[No]]>
              </value>
            </param>
            <param index="6">
              <value>
                <![CDATA[No]]>
              </value>
            </param>
            <param index="7">
              <value>
                <![CDATA[No]]>
              </value>
            </param>
            <param index="8">
              <value>
                <![CDATA[-]]>
              </value>
            </param>
            <param index="9">
              <value>
                <![CDATA[-]]>
              </value>
            </param>
            <param index="10">
              <value>
                <![CDATA[-]]>
              </value>
            </param>
            <param index="11">
              <value>
                <![CDATA[-]]>
              </value>
            </param>
            <param index="12">
              <value>
                <![CDATA[No]]>
              </value>
            </param>
          </params>
          <reporter-output>
          </reporter-output>
        </test-method> <!-- AddToCartTest -->
        <test-method status="PASS" signature="AddToCartTest(java.lang.String, java.lang.String, java.lang.String, java.lang.String, java.lang.String, java.lang.String, java.lang.String, java.lang.String, java.lang.String, java.lang.String, java.lang.String, java.lang.String, java.lang.String)[pri:0, instance:scripts.AddProduct@3c756e4d]" name="AddToCartTest" duration-ms="2373" started-at="2018-08-23T15:01:55Z" data-provider="AnyID" finished-at="2018-08-23T15:01:57Z">
          <params>
            <param index="0">
              <value>
                <![CDATA[Filament]]>
              </value>
            </param>
            <param index="1">
              <value>
                <![CDATA[POY Yarn]]>
              </value>
            </param>
            <param index="2">
              <value>
                <![CDATA[Knitting]]>
              </value>
            </param>
            <param index="3">
              <value>
                <![CDATA[Depot]]>
              </value>
            </param>
            <param index="4">
              <value>
                <![CDATA[2]]>
              </value>
            </param>
            <param index="5">
              <value>
                <![CDATA[No]]>
              </value>
            </param>
            <param index="6">
              <value>
                <![CDATA[No]]>
              </value>
            </param>
            <param index="7">
              <value>
                <![CDATA[No]]>
              </value>
            </param>
            <param index="8">
              <value>
                <![CDATA[-]]>
              </value>
            </param>
            <param index="9">
              <value>
                <![CDATA[-]]>
              </value>
            </param>
            <param index="10">
              <value>
                <![CDATA[-]]>
              </value>
            </param>
            <param index="11">
              <value>
                <![CDATA[-]]>
              </value>
            </param>
            <param index="12">
              <value>
                <![CDATA[No]]>
              </value>
            </param>
          </params>
          <reporter-output>
          </reporter-output>
        </test-method> <!-- AddToCartTest -->
        <test-method status="PASS" signature="AddToCartTest(java.lang.String, java.lang.String, java.lang.String, java.lang.String, java.lang.String, java.lang.String, java.lang.String, java.lang.String, java.lang.String, java.lang.String, java.lang.String, java.lang.String, java.lang.String)[pri:0, instance:scripts.AddProduct@3c756e4d]" name="AddToCartTest" duration-ms="2037" started-at="2018-08-23T15:01:57Z" data-provider="AnyID" finished-at="2018-08-23T15:01:59Z">
          <params>
            <param index="0">
              <value>
                <![CDATA[Spun Yarn]]>
              </value>
            </param>
            <param index="1">
              <value>
                <![CDATA[Polyester]]>
              </value>
            </param>
            <param index="2">
              <value>
                <![CDATA[Knitting]]>
              </value>
            </param>
            <param index="3">
              <value>
                <![CDATA[MIll]]>
              </value>
            </param>
            <param index="4">
              <value>
                <![CDATA[20]]>
              </value>
            </param>
            <param index="5">
              <value>
                <![CDATA[Yes]]>
              </value>
            </param>
            <param index="6">
              <value>
                <![CDATA[Yes]]>
              </value>
            </param>
            <param index="7">
              <value>
                <![CDATA[No]]>
              </value>
            </param>
            <param index="8">
              <value>
                <![CDATA[-]]>
              </value>
            </param>
            <param index="9">
              <value>
                <![CDATA[-]]>
              </value>
            </param>
            <param index="10">
              <value>
                <![CDATA[-]]>
              </value>
            </param>
            <param index="11">
              <value>
                <![CDATA[-]]>
              </value>
            </param>
            <param index="12">
              <value>
                <![CDATA[Yes]]>
              </value>
            </param>
          </params>
          <reporter-output>
          </reporter-output>
        </test-method> <!-- AddToCartTest -->
        <test-method status="PASS" signature="AddToCartTest(java.lang.String, java.lang.String, java.lang.String, java.lang.String, java.lang.String, java.lang.String, java.lang.String, java.lang.String, java.lang.String, java.lang.String, java.lang.String, java.lang.String, java.lang.String)[pri:0, instance:scripts.AddProduct@3c756e4d]" name="AddToCartTest" duration-ms="2345" started-at="2018-08-23T15:01:59Z" data-provider="AnyID" finished-at="2018-08-23T15:02:01Z">
          <params>
            <param index="0">
              <value>
                <![CDATA[Fibre]]>
              </value>
            </param>
            <param index="1">
              <value>
                <![CDATA[Polyester]]>
              </value>
            </param>
            <param index="2">
              <value>
                <![CDATA[Knitting]]>
              </value>
            </param>
            <param index="3">
              <value>
                <![CDATA[Depot]]>
              </value>
            </param>
            <param index="4">
              <value>
                <![CDATA[6]]>
              </value>
            </param>
            <param index="5">
              <value>
                <![CDATA[No]]>
              </value>
            </param>
            <param index="6">
              <value>
                <![CDATA[No]]>
              </value>
            </param>
            <param index="7">
              <value>
                <![CDATA[No]]>
              </value>
            </param>
            <param index="8">
              <value>
                <![CDATA[-]]>
              </value>
            </param>
            <param index="9">
              <value>
                <![CDATA[-]]>
              </value>
            </param>
            <param index="10">
              <value>
                <![CDATA[-]]>
              </value>
            </param>
            <param index="11">
              <value>
                <![CDATA[-]]>
              </value>
            </param>
            <param index="12">
              <value>
                <![CDATA[No]]>
              </value>
            </param>
          </params>
          <reporter-output>
          </reporter-output>
        </test-method> <!-- AddToCartTest -->
        <test-method status="PASS" signature="AddToCartTest(java.lang.String, java.lang.String, java.lang.String, java.lang.String, java.lang.String, java.lang.String, java.lang.String, java.lang.String, java.lang.String, java.lang.String, java.lang.String, java.lang.String, java.lang.String)[pri:0, instance:scripts.AddProduct@3c756e4d]" name="AddToCartTest" duration-ms="2251" started-at="2018-08-23T15:02:01Z" data-provider="AnyID" finished-at="2018-08-23T15:02:04Z">
          <params>
            <param index="0">
              <value>
                <![CDATA[Spun Yarn]]>
              </value>
            </param>
            <param index="1">
              <value>
                <![CDATA[Viscose]]>
              </value>
            </param>
            <param index="2">
              <value>
                <![CDATA[Knitting]]>
              </value>
            </param>
            <param index="3">
              <value>
                <![CDATA[Depot]]>
              </value>
            </param>
            <param index="4">
              <value>
                <![CDATA[60]]>
              </value>
            </param>
            <param index="5">
              <value>
                <![CDATA[Yes]]>
              </value>
            </param>
            <param index="6">
              <value>
                <![CDATA[Yes]]>
              </value>
            </param>
            <param index="7">
              <value>
                <![CDATA[No]]>
              </value>
            </param>
            <param index="8">
              <value>
                <![CDATA[-]]>
              </value>
            </param>
            <param index="9">
              <value>
                <![CDATA[-]]>
              </value>
            </param>
            <param index="10">
              <value>
                <![CDATA[-]]>
              </value>
            </param>
            <param index="11">
              <value>
                <![CDATA[-]]>
              </value>
            </param>
            <param index="12">
              <value>
                <![CDATA[Yes]]>
              </value>
            </param>
          </params>
          <reporter-output>
          </reporter-output>
        </test-method> <!-- AddToCartTest -->
        <test-method status="PASS" signature="AddToCartTest(java.lang.String, java.lang.String, java.lang.String, java.lang.String, java.lang.String, java.lang.String, java.lang.String, java.lang.String, java.lang.String, java.lang.String, java.lang.String, java.lang.String, java.lang.String)[pri:0, instance:scripts.AddProduct@3c756e4d]" name="AddToCartTest" duration-ms="2356" started-at="2018-08-23T15:02:04Z" data-provider="AnyID" finished-at="2018-08-23T15:02:06Z">
          <params>
            <param index="0">
              <value>
                <![CDATA[Fibre]]>
              </value>
            </param>
            <param index="1">
              <value>
                <![CDATA[Viscose]]>
              </value>
            </param>
            <param index="2">
              <value>
                <![CDATA[Knitting]]>
              </value>
            </param>
            <param index="3">
              <value>
                <![CDATA[Depot]]>
              </value>
            </param>
            <param index="4">
              <value>
                <![CDATA[55]]>
              </value>
            </param>
            <param index="5">
              <value>
                <![CDATA[No]]>
              </value>
            </param>
            <param index="6">
              <value>
                <![CDATA[No]]>
              </value>
            </param>
            <param index="7">
              <value>
                <![CDATA[No]]>
              </value>
            </param>
            <param index="8">
              <value>
                <![CDATA[-]]>
              </value>
            </param>
            <param index="9">
              <value>
                <![CDATA[-]]>
              </value>
            </param>
            <param index="10">
              <value>
                <![CDATA[-]]>
              </value>
            </param>
            <param index="11">
              <value>
                <![CDATA[-]]>
              </value>
            </param>
            <param index="12">
              <value>
                <![CDATA[No]]>
              </value>
            </param>
          </params>
          <reporter-output>
          </reporter-output>
        </test-method> <!-- AddToCartTest -->
        <test-method status="PASS" signature="AddToCartTest(java.lang.String, java.lang.String, java.lang.String, java.lang.String, java.lang.String, java.lang.String, java.lang.String, java.lang.String, java.lang.String, java.lang.String, java.lang.String, java.lang.String, java.lang.String)[pri:0, instance:scripts.AddProduct@3c756e4d]" name="AddToCartTest" duration-ms="1952" started-at="2018-08-23T15:02:06Z" data-provider="AnyID" finished-at="2018-08-23T15:02:08Z">
          <params>
            <param index="0">
              <value>
                <![CDATA[Spun Yarn]]>
              </value>
            </param>
            <param index="1">
              <value>
                <![CDATA[Synthetic Blended]]>
              </value>
            </param>
            <param index="2">
              <value>
                <![CDATA[Knitting]]>
              </value>
            </param>
            <param index="3">
              <value>
                <![CDATA[MIll]]>
              </value>
            </param>
            <param index="4">
              <value>
                <![CDATA[40]]>
              </value>
            </param>
            <param index="5">
              <value>
                <![CDATA[Yes]]>
              </value>
            </param>
            <param index="6">
              <value>
                <![CDATA[Yes]]>
              </value>
            </param>
            <param index="7">
              <value>
                <![CDATA[No]]>
              </value>
            </param>
            <param index="8">
              <value>
                <![CDATA[-]]>
              </value>
            </param>
            <param index="9">
              <value>
                <![CDATA[-]]>
              </value>
            </param>
            <param index="10">
              <value>
                <![CDATA[-]]>
              </value>
            </param>
            <param index="11">
              <value>
                <![CDATA[-]]>
              </value>
            </param>
            <param index="12">
              <value>
                <![CDATA[Yes]]>
              </value>
            </param>
          </params>
          <reporter-output>
          </reporter-output>
        </test-method> <!-- AddToCartTest -->
        <test-method status="PASS" signature="AddToCartTest(java.lang.String, java.lang.String, java.lang.String, java.lang.String, java.lang.String, java.lang.String, java.lang.String, java.lang.String, java.lang.String, java.lang.String, java.lang.String, java.lang.String, java.lang.String)[pri:0, instance:scripts.AddProduct@3c756e4d]" name="AddToCartTest" duration-ms="2298" started-at="2018-08-23T15:02:08Z" data-provider="AnyID" finished-at="2018-08-23T15:02:10Z">
          <params>
            <param index="0">
              <value>
                <![CDATA[Fibre]]>
              </value>
            </param>
            <param index="1">
              <value>
                <![CDATA[Synthetic Blended]]>
              </value>
            </param>
            <param index="2">
              <value>
                <![CDATA[Knitting]]>
              </value>
            </param>
            <param index="3">
              <value>
                <![CDATA[Depot]]>
              </value>
            </param>
            <param index="4">
              <value>
                <![CDATA[10]]>
              </value>
            </param>
            <param index="5">
              <value>
                <![CDATA[No]]>
              </value>
            </param>
            <param index="6">
              <value>
                <![CDATA[No]]>
              </value>
            </param>
            <param index="7">
              <value>
                <![CDATA[No]]>
              </value>
            </param>
            <param index="8">
              <value>
                <![CDATA[-]]>
              </value>
            </param>
            <param index="9">
              <value>
                <![CDATA[-]]>
              </value>
            </param>
            <param index="10">
              <value>
                <![CDATA[-]]>
              </value>
            </param>
            <param index="11">
              <value>
                <![CDATA[-]]>
              </value>
            </param>
            <param index="12">
              <value>
                <![CDATA[No]]>
              </value>
            </param>
          </params>
          <reporter-output>
          </reporter-output>
        </test-method> <!-- AddToCartTest -->
        <test-method status="PASS" signature="AddToCartTest(java.lang.String, java.lang.String, java.lang.String, java.lang.String, java.lang.String, java.lang.String, java.lang.String, java.lang.String, java.lang.String, java.lang.String, java.lang.String, java.lang.String, java.lang.String)[pri:0, instance:scripts.AddProduct@3c756e4d]" name="AddToCartTest" duration-ms="2041" started-at="2018-08-23T15:02:10Z" data-provider="AnyID" finished-at="2018-08-23T15:02:12Z">
          <params>
            <param index="0">
              <value>
                <![CDATA[Spun Yarn]]>
              </value>
            </param>
            <param index="1">
              <value>
                <![CDATA[Acrylic]]>
              </value>
            </param>
            <param index="2">
              <value>
                <![CDATA[Knitting]]>
              </value>
            </param>
            <param index="3">
              <value>
                <![CDATA[Depot]]>
              </value>
            </param>
            <param index="4">
              <value>
                <![CDATA[7]]>
              </value>
            </param>
            <param index="5">
              <value>
                <![CDATA[Yes]]>
              </value>
            </param>
            <param index="6">
              <value>
                <![CDATA[Yes]]>
              </value>
            </param>
            <param index="7">
              <value>
                <![CDATA[No]]>
              </value>
            </param>
            <param index="8">
              <value>
                <![CDATA[-]]>
              </value>
            </param>
            <param index="9">
              <value>
                <![CDATA[-]]>
              </value>
            </param>
            <param index="10">
              <value>
                <![CDATA[-]]>
              </value>
            </param>
            <param index="11">
              <value>
                <![CDATA[-]]>
              </value>
            </param>
            <param index="12">
              <value>
                <![CDATA[Yes]]>
              </value>
            </param>
          </params>
          <reporter-output>
          </reporter-output>
        </test-method> <!-- AddToCartTest -->
[...]
            <param index="11">
              <value>
                <![CDATA[abcd]]>
              </value>
            </param>
            <param index="12">
              <value>
                <![CDATA[No]]>
              </value>
            </param>
          </params>
          <reporter-output>
          </reporter-output>
        </test-method> <!-- AddToCartTest -->
        <test-method status="PASS" signature="AddToCartTest(java.lang.String, java.lang.String, java.lang.String, java.lang.String, java.lang.String, java.lang.String, java.lang.String, java.lang.String, java.lang.String, java.lang.String, java.lang.String, java.lang.String, java.lang.String)[pri:0, instance:scripts.AddProduct@3c756e4d]" name="AddToCartTest" duration-ms="4463" started-at="2018-08-23T15:06:20Z" data-provider="AnyID" finished-at="2018-08-23T15:06:24Z">
          <params>
            <param index="0">
              <value>
                <![CDATA[Spun Yarn]]>
              </value>
            </param>
            <param index="1">
              <value>
                <![CDATA[Linen & Blends]]>
              </value>
            </param>
            <param index="2">
              <value>
                <![CDATA[Cord]]>
              </value>
            </param>
            <param index="3">
              <value>
                <![CDATA[Depot]]>
              </value>
            </param>
            <param index="4">
              <value>
                <![CDATA[90]]>
              </value>
            </param>
            <param index="5">
              <value>
                <![CDATA[Yes]]>
              </value>
            </param>
            <param index="6">
              <value>
                <![CDATA[Yes]]>
              </value>
            </param>
            <param index="7">
              <value>
                <![CDATA[No]]>
              </value>
            </param>
            <param index="8">
              <value>
                <![CDATA[-]]>
              </value>
            </param>
            <param index="9">
              <value>
                <![CDATA[-]]>
              </value>
            </param>
            <param index="10">
              <value>
                <![CDATA[-]]>
              </value>
            </param>
            <param index="11">
              <value>
                <![CDATA[-]]>
              </value>
            </param>
            <param index="12">
              <value>
                <![CDATA[Yes]]>
              </value>
            </param>
          </params>
          <reporter-output>
          </reporter-output>
        </test-method> <!-- AddToCartTest -->
        <test-method status="PASS" signature="AddToCartTest(java.lang.String, java.lang.String, java.lang.String, java.lang.String, java.lang.String, java.lang.String, java.lang.String, java.lang.String, java.lang.String, java.lang.String, java.lang.String, java.lang.String, java.lang.String)[pri:0, instance:scripts.AddProduct@3c756e4d]" name="AddToCartTest" duration-ms="4689" started-at="2018-08-23T15:06:24Z" data-provider="AnyID" finished-at="2018-08-23T15:06:29Z">
          <params>
            <param index="0">
              <value>
                <![CDATA[Fibre]]>
              </value>
            </param>
            <param index="1">
              <value>
                <![CDATA[Linen & Blends]]>
              </value>
            </param>
            <param index="2">
              <value>
                <![CDATA[Cord]]>
              </value>
            </param>
            <param index="3">
              <value>
                <![CDATA[Mill]]>
              </value>
            </param>
            <param index="4">
              <value>
                <![CDATA[50]]>
              </value>
            </param>
            <param index="5">
              <value>
                <![CDATA[No]]>
              </value>
            </param>
            <param index="6">
              <value>
                <![CDATA[No]]>
              </value>
            </param>
            <param index="7">
              <value>
                <![CDATA[No]]>
              </value>
            </param>
            <param index="8">
              <value>
                <![CDATA[-]]>
              </value>
            </param>
            <param index="9">
              <value>
                <![CDATA[-]]>
              </value>
            </param>
            <param index="10">
              <value>
                <![CDATA[-]]>
              </value>
            </param>
            <param index="11">
              <value>
                <![CDATA[-]]>
              </value>
            </param>
            <param index="12">
              <value>
                <![CDATA[No]]>
              </value>
            </param>
          </params>
          <reporter-output>
          </reporter-output>
        </test-method> <!-- AddToCartTest -->
        <test-method status="PASS" signature="AddToCartTest(java.lang.String, java.lang.String, java.lang.String, java.lang.String, java.lang.String, java.lang.String, java.lang.String, java.lang.String, java.lang.String, java.lang.String, java.lang.String, java.lang.String, java.lang.String)[pri:0, instance:scripts.AddProduct@3c756e4d]" name="AddToCartTest" duration-ms="4323" started-at="2018-08-23T15:06:29Z" data-provider="AnyID" finished-at="2018-08-23T15:06:33Z">
          <params>
            <param index="0">
              <value>
                <![CDATA[Filament]]>
              </value>
            </param>
            <param index="1">
              <value>
                <![CDATA[Flat Yarn]]>
              </value>
            </param>
            <param index="2">
              <value>
                <![CDATA[Cord]]>
              </value>
            </param>
            <param index="3">
              <value>
                <![CDATA[Depot]]>
              </value>
            </param>
            <param index="4">
              <value>
                <![CDATA[100]]>
              </value>
            </param>
            <param index="5">
              <value>
                <![CDATA[No]]>
              </value>
            </param>
            <param index="6">
              <value>
                <![CDATA[No]]>
              </value>
            </param>
            <param index="7">
              <value>
                <![CDATA[No]]>
              </value>
            </param>
            <param index="8">
              <value>
                <![CDATA[-]]>
              </value>
            </param>
            <param index="9">
              <value>
                <![CDATA[-]]>
              </value>
            </param>
            <param index="10">
              <value>
                <![CDATA[-]]>
              </value>
            </param>
            <param index="11">
              <value>
                <![CDATA[-]]>
              </value>
            </param>
            <param index="12">
              <value>
                <![CDATA[No]]>
              </value>
            </param>
          </params>
          <reporter-output>
          </reporter-output>
        </test-method> <!-- AddToCartTest -->
        <test-method status="PASS" signature="AddToCartTest(java.lang.String, java.lang.String, java.lang.String, java.lang.String, java.lang.String, java.lang.String, java.lang.String, java.lang.String, java.lang.String, java.lang.String, java.lang.String, java.lang.String, java.lang.String)[pri:0, instance:scripts.AddProduct@3c756e4d]" name="AddToCartTest" duration-ms="4412" started-at="2018-08-23T15:06:33Z" data-provider="AnyID" finished-at="2018-08-23T15:06:38Z">
          <params>
            <param index="0">
              <value>
                <![CDATA[Filament]]>
              </value>
            </param>
            <param index="1">
              <value>
                <![CDATA[Texture Yarn]]>
              </value>
            </param>
            <param index="2">
              <value>
                <![CDATA[Cord]]>
              </value>
            </param>
            <param index="3">
              <value>
                <![CDATA[MIll]]>
              </value>
            </param>
            <param index="4">
              <value>
                <![CDATA[80]]>
              </value>
            </param>
            <param index="5">
              <value>
                <![CDATA[Yes]]>
              </value>
            </param>
            <param index="6">
              <value>
                <![CDATA[Yes]]>
              </value>
            </param>
            <param index="7">
              <value>
                <![CDATA[No]]>
              </value>
            </param>
            <param index="8">
              <value>
                <![CDATA[-]]>
              </value>
            </param>
            <param index="9">
              <value>
                <![CDATA[-]]>
              </value>
            </param>
            <param index="10">
              <value>
                <![CDATA[-]]>
              </value>
            </param>
            <param index="11">
              <value>
                <![CDATA[-]]>
              </value>
            </param>
            <param index="12">
              <value>
                <![CDATA[Yes]]>
              </value>
            </param>
          </params>
          <reporter-output>
          </reporter-output>
        </test-method> <!-- AddToCartTest -->
        <test-method status="PASS" signature="AddToCartTest(java.lang.String, java.lang.String, java.lang.String, java.lang.String, java.lang.String, java.lang.String, java.lang.String, java.lang.String, java.lang.String, java.lang.String, java.lang.String, java.lang.String, java.lang.String)[pri:0, instance:scripts.AddProduct@3c756e4d]" name="AddToCartTest" duration-ms="4368" started-at="2018-08-23T15:06:38Z" data-provider="AnyID" finished-at="2018-08-23T15:06:42Z">
          <params>
            <param index="0">
              <value>
                <![CDATA[Filament]]>
              </value>
            </param>
            <param index="1">
              <value>
                <![CDATA[Air Texture Yarn]]>
              </value>
            </param>
            <param index="2">
              <value>
                <![CDATA[Cord]]>
              </value>
            </param>
            <param index="3">
              <value>
                <![CDATA[Depot]]>
              </value>
            </param>
            <param index="4">
              <value>
                <![CDATA[65]]>
              </value>
            </param>
            <param index="5">
              <value>
                <![CDATA[No]]>
              </value>
            </param>
            <param index="6">
              <value>
                <![CDATA[No]]>
              </value>
            </param>
            <param index="7">
              <value>
                <![CDATA[No]]>
              </value>
            </param>
            <param index="8">
              <value>
                <![CDATA[-]]>
              </value>
            </param>
            <param index="9">
              <value>
                <![CDATA[-]]>
              </value>
            </param>
            <param index="10">
              <value>
                <![CDATA[-]]>
              </value>
            </param>
            <param index="11">
              <value>
                <![CDATA[-]]>
              </value>
            </param>
            <param index="12">
              <value>
                <![CDATA[No]]>
              </value>
            </param>
          </params>
          <reporter-output>
          </reporter-output>
        </test-method> <!-- AddToCartTest -->
        <test-method status="PASS" signature="AddToCartTest(java.lang.String, java.lang.String, java.lang.String, java.lang.String, java.lang.String, java.lang.String, java.lang.String, java.lang.String, java.lang.String, java.lang.String, java.lang.String, java.lang.String, java.lang.String)[pri:0, instance:scripts.AddProduct@3c756e4d]" name="AddToCartTest" duration-ms="4599" started-at="2018-08-23T15:06:42Z" data-provider="AnyID" finished-at="2018-08-23T15:06:47Z">
          <params>
            <param index="0">
              <value>
                <![CDATA[Filament]]>
              </value>
            </param>
            <param index="1">
              <value>
                <![CDATA[Mono Filament]]>
              </value>
            </param>
            <param index="2">
              <value>
                <![CDATA[Cord]]>
              </value>
            </param>
            <param index="3">
              <value>
                <![CDATA[Depot]]>
              </value>
            </param>
            <param index="4">
              <value>
                <![CDATA[10]]>
              </value>
            </param>
            <param index="5">
              <value>
                <![CDATA[Yes]]>
              </value>
            </param>
            <param index="6">
              <value>
                <![CDATA[Yes]]>
              </value>
            </param>
            <param index="7">
              <value>
                <![CDATA[No]]>
              </value>
            </param>
            <param index="8">
              <value>
                <![CDATA[-]]>
              </value>
            </param>
            <param index="9">
              <value>
                <![CDATA[-]]>
              </value>
            </param>
            <param index="10">
              <value>
                <![CDATA[-]]>
              </value>
            </param>
            <param index="11">
              <value>
                <![CDATA[-]]>
              </value>
            </param>
            <param index="12">
              <value>
                <![CDATA[Yes]]>
              </value>
            </param>
          </params>
          <reporter-output>
          </reporter-output>
        </test-method> <!-- AddToCartTest -->
        <test-method status="PASS" signature="AddToCartTest(java.lang.String, java.lang.String, java.lang.String, java.lang.String, java.lang.String, java.lang.String, java.lang.String, java.lang.String, java.lang.String, java.lang.String, java.lang.String, java.lang.String, java.lang.String)[pri:0, instance:scripts.AddProduct@3c756e4d]" name="AddToCartTest" duration-ms="4361" started-at="2018-08-23T15:06:47Z" data-provider="AnyID" finished-at="2018-08-23T15:06:51Z">
          <params>
            <param index="0">
              <value>
                <![CDATA[Filament]]>
              </value>
            </param>
            <param index="1">
              <value>
                <![CDATA[DTY]]>
              </value>
            </param>
            <param index="2">
              <value>
                <![CDATA[Cord]]>
              </value>
            </param>
            <param index="3">
              <value>
                <![CDATA[Mill]]>
              </value>
            </param>
            <param index="4">
              <value>
                <![CDATA[2]]>
              </value>
            </param>
            <param index="5">
              <value>
                <![CDATA[No]]>
              </value>
            </param>
            <param index="6">
              <value>
                <![CDATA[No]]>
              </value>
            </param>
            <param index="7">
              <value>
                <![CDATA[No]]>
              </value>
            </param>
            <param index="8">
              <value>
                <![CDATA[-]]>
              </value>
            </param>
            <param index="9">
              <value>
                <![CDATA[-]]>
              </value>
            </param>
            <param index="10">
              <value>
                <![CDATA[-]]>
              </value>
            </param>
            <param index="11">
              <value>
                <![CDATA[-]]>
              </value>
            </param>
            <param index="12">
              <value>
                <![CDATA[No]]>
              </value>
            </param>
          </params>
          <reporter-output>
          </reporter-output>
        </test-method> <!-- AddToCartTest -->
        <test-method status="PASS" signature="AddToCartTest(java.lang.String, java.lang.String, java.lang.String, java.lang.String, java.lang.String, java.lang.String, java.lang.String, java.lang.String, java.lang.String, java.lang.String, java.lang.String, java.lang.String, java.lang.String)[pri:0, instance:scripts.AddProduct@3c756e4d]" name="AddToCartTest" duration-ms="4352" started-at="2018-08-23T15:06:51Z" data-provider="AnyID" finished-at="2018-08-23T15:06:55Z">
          <params>
            <param index="0">
              <value>
                <![CDATA[Filament]]>
              </value>
            </param>
            <param index="1">
              <value>
                <![CDATA[FDY]]>
              </value>
            </param>
            <param index="2">
              <value>
                <![CDATA[Cord]]>
              </value>
            </param>
            <param index="3">
              <value>
                <![CDATA[Depot]]>
              </value>
            </param>
            <param index="4">
              <value>
                <![CDATA[20]]>
              </value>
            </param>
            <param index="5">
              <value>
                <![CDATA[Yes]]>
              </value>
            </param>
            <param index="6">
              <value>
                <![CDATA[Yes]]>
              </value>
            </param>
            <param index="7">
              <value>
                <![CDATA[No]]>
              </value>
            </param>
            <param index="8">
              <value>
                <![CDATA[-]]>
              </value>
            </param>
            <param index="9">
              <value>
                <![CDATA[-]]>
              </value>
            </param>
            <param index="10">
              <value>
                <![CDATA[-]]>
              </value>
            </param>
            <param index="11">
              <value>
                <![CDATA[-]]>
              </value>
            </param>
            <param index="12">
              <value>
                <![CDATA[Yes]]>
              </value>
            </param>
          </params>
          <reporter-output>
          </reporter-output>
        </test-method> <!-- AddToCartTest -->
        <test-method status="PASS" signature="Login()[pri:0, instance:scripts.AddProduct@3c756e4d]" name="Login" duration-ms="765" started-at="2018-08-23T15:06:55Z" finished-at="2018-08-23T15:06:56Z">
          <reporter-output>
          </reporter-output>
        </test-method> <!-- Login -->
        <test-method status="PASS" signature="turnDown()[pri:0, instance:scripts.AddProduct@3c756e4d]" name="turnDown" is-config="true" duration-ms="1" started-at="2018-08-23T15:06:56Z" finished-at="2018-08-23T15:06:56Z">
          <reporter-output>
          </reporter-output>
        </test-method> <!-- turnDown -->
      </class> <!-- scripts.AddProduct -->
    </test> <!-- Default test -->
  </suite> <!-- Default suite -->
</testng-results>
